Bash Dev Server with Auto-Injection
  URL:   http://localhost:8000
  Mount: /data/data/com.termux/files/home/Git/front-Github_io
  Mode:  Auto-injecting Eruda + console logger into HTML

Press Ctrl+C to stop
2026/01/26 14:47:51 socat[21797] E write(5, 0xb400007bdce64000, 838): Broken pipe
2026/01/26 14:47:52 socat[21971] E write(5, 0xb400007bdce64000, 632): Broken pipe
tr: write error: Broken pipe
tr: write error: Broken pipe
tr: write error: Broken pipe
tr: write error: Broken pipe
tr: write error: Broken pipe
tr: write error: Broken pipe
2026/01/26 14:48:00 socat[25882] E write(5, 0xb400007bdce64000, 844): Broken pipe
2026/01/26 14:48:02 socat[27231] E write(5, 0xb400007bdce64000, 645): Broken pipe
2026/01/26 14:48:03 socat[27296] E write(5, 0xb400007bdce64000, 644): Broken pipe
2026/01/26 14:48:06 socat[29122] E write(5, 0xb400007bdce64000, 859): Broken pipe
2026/01/26 14:48:06 socat[29136] E write(5, 0xb400007bdce64000, 841): Broken pipe
2026/01/26 14:48:10 socat[32172] E write(5, 0xb400007bdce64000, 882): Broken pipe
2026/01/26 14:54:31 socat[24726] E write(5, 0xb400007bdce64000, 847): Broken pipe
2026/01/26 15:01:01 socat[17080] E write(5, 0xb400007bdce64000, 868): Broken pipe
2026/01/26 15:02:38 socat[24542] E read(5, 0xb400007bdce64000, 8192): Connection reset by peer
2026/01/26 15:05:53 socat[16640] E write(5, 0xb400007bdce64000, 704): Broken pipe
tr: write error: Broken pipe
tr: write error: Broken pipe
tr: tr: write errorwrite error: Broken pipe: Broken pipe

2026/01/26 15:07:19 socat[30968] E read(5, 0xb400007bdce64000, 8192): Connection reset by peer
tr: write errortr: : Broken pipe
write error: Broken pipe
tr: write error: Broken pipe
2026/01/26 15:10:55 socat[27775] E write(5, 0xb400007bdce64000, 833): Broken pipe
date: write error: Broken pipe
2026/01/26 15:12:17 socat[2697] E write(5, 0xb400007bdce64000, 704): Broken pipe
2026/01/26 15:18:31 socat[25892] E read(5, 0xb400007bdce64000, 8192): Connection reset by peer
